<?xml version="1.0" encoding="UTF-8"?>
<testng-results ignored="0" total="1" passed="1" failed="0" skipped="0">
  <reporter-output>
  </reporter-output>
  <suite started-at="2022-01-22T22:22:36 IST" name="Default suite" finished-at="2022-01-22T22:22:42 IST" duration-ms="6046">
    <groups>
    </groups>
    <test started-at="2022-01-22T22:22:36 IST" name="Default test" finished-at="2022-01-22T22:22:42 IST" duration-ms="6046">
      <class name="dummy_testing.dummy_testing">
        <test-method signature="initDriver()[pri:0, instance:dummy_testing.dummy_testing@63a12c68]" started-at="2022-01-22T22:22:36 IST" name="initDriver" finished-at="2022-01-22T22:22:42 IST" duration-ms="5963" status="PASS">
          <reporter-output>
          </reporter-output>
        </test-method> <!-- initDriver -->
      </class> <!-- dummy_testing.dummy_testing -->
    </test> <!-- Default test -->
  </suite> <!-- Default suite -->
</testng-results>
